#
# A fatal error has been detected by the Java Runtime Environment:
#
#  Internal Error (classFileParser.cpp:3494), pid=3273, tid=3061762880
#  Error: ShouldNotReachHere()
#
# JRE version: 6.0_27-b27
# Java VM: OpenJDK Server VM (20.0-b12 mixed mode linux-x86 )
# Derivative: IcedTea6 1.12.6
# Distribution: Ubuntu 13.04, package 6b27-1.12.6-1ubuntu0.13.04.2
# If you would like to submit a bug report, please include
# instructions how to reproduce the bug and visit:
#   https://bugs.launchpad.net/ubuntu/+source/openjdk-6/
#

---------------  T H R E A D  ---------------

Current thread (0xb6607000):  JavaThread "Unknown thread" [_thread_in_vm, id=3274, stack(0xb679c000,0xb67ed000)]

Stack: [0xb679c000,0xb67ed000]
[error occurred during error reporting (printing stack bounds), id 0xb]


[error occurred during error reporting (printing native stack), id 0xb]


---------------  P R O C E S S  ---------------

Java Threads: ( => current thread )

Other Threads:

=>0xb6607000 (exited) JavaThread "Unknown thread" [_thread_in_vm, id=3274, stack(0xb679c000,0xb67ed000)]

VM state:not at safepoint (not fully initialized)

VM Mutex/Monitor currently owned by a thread: None

Dynamic libraries:
08048000-08051000 r-xp 00000000 08:06 2633979    /usr/lib/jvm/java-6-openjdk-i386/jre/bin/java
08051000-08052000 r--p 00008000 08:06 2633979    /usr/lib/jvm/java-6-openjdk-i386/jre/bin/java
08052000-08053000 rw-p 00009000 08:06 2633979    /usr/lib/jvm/java-6-openjdk-i386/jre/bin/java
09061000-09082000 rw-p 00000000 00:00 0          [heap]
6eb3a000-6ec00000 r--s 0116f000 08:06 9971255    /home/von/ADT/sdk/platforms/android-17/android.jar
6ec00000-6ec21000 rw-p 00000000 00:00 0 
6ec21000-6ed00000 ---p 00000000 00:00 0 
6ed7f000-6ed80000 ---p 00000000 00:00 0 
6ed80000-6ee00000 rw-p 00000000 00:00 0          [stack:3284]
6ee00000-6ee21000 rw-p 00000000 00:00 0 
6ee21000-6ef00000 ---p 00000000 00:00 0 
6ef00000-6ef21000 rw-p 00000000 00:00 0 
6ef21000-6f000000 ---p 00000000 00:00 0 
6f07f000-6f080000 ---p 00000000 00:00 0 
6f080000-6f100000 rw-p 00000000 00:00 0          [stack:3283]
6f100000-6f121000 rw-p 00000000 00:00 0 
6f121000-6f200000 ---p 00000000 00:00 0 
6f260000-6f261000 ---p 00000000 00:00 0 
6f261000-6f2e1000 rw-p 00000000 00:00 0          [stack:3282]
6f2e1000-6f2e2000 ---p 00000000 00:00 0 
6f2e2000-6f36a000 rw-p 00000000 00:00 0          [stack:3281]
6f36a000-6f3a2000 rw-p 00000000 00:00 0 
6f3a2000-6f3b6000 rw-p 00000000 00:00 0 
6f3b6000-6f4e1000 rw-p 00000000 00:00 0 
6f4e1000-6f4e9000 rw-p 00000000 00:00 0 
6f4e9000-6f521000 rw-p 00000000 00:00 0 
6f521000-6f535000 rw-p 00000000 00:00 0 
6f535000-6f65f000 rw-p 00000000 00:00 0 
6f65f000-6f66a000 rw-p 00000000 00:00 0 
6f66a000-6f6ff000 rw-p 00000000 00:00 0 
6f6ff000-70700000 rw-p 00000000 00:00 0 
70700000-77700000 rw-p 00000000 00:00 0 
77700000-79ee0000 rw-p 00000000 00:00 0 
79ee0000-9f460000 rw-p 00000000 00:00 0 
9f460000-a0840000 rw-p 00000000 00:00 0 
a0840000-b3300000 rw-p 00000000 00:00 0 
b330e000-b3317000 rw-p 00000000 00:00 0 
b3317000-b33ce000 rw-p 00000000 00:00 0 
b33ce000-b360e000 rwxp 00000000 00:00 0 
b360e000-b63ce000 rw-p 00000000 00:00 0 
b63ce000-b63d9000 r-xp 00000000 08:06 3539854    /lib/i386-linux-gnu/libnss_files-2.17.so
b63d9000-b63da000 r--p 0000a000 08:06 3539854    /lib/i386-linux-gnu/libnss_files-2.17.so
b63da000-b63db000 rw-p 0000b000 08:06 3539854    /lib/i386-linux-gnu/libnss_files-2.17.so
b63db000-b63e5000 r-xp 00000000 08:06 3539858    /lib/i386-linux-gnu/libnss_nis-2.17.so
b63e5000-b63e6000 r--p 00009000 08:06 3539858    /lib/i386-linux-gnu/libnss_nis-2.17.so
b63e6000-b63e7000 rw-p 0000a000 08:06 3539858    /lib/i386-linux-gnu/libnss_nis-2.17.so
b63e7000-b63fc000 r-xp 00000000 08:06 3539848    /lib/i386-linux-gnu/libnsl-2.17.so
b63fc000-b63fd000 r--p 00014000 08:06 3539848    /lib/i386-linux-gnu/libnsl-2.17.so
b63fd000-b63fe000 rw-p 00015000 08:06 3539848    /lib/i386-linux-gnu/libnsl-2.17.so
b63fe000-b6400000 rw-p 00000000 00:00 0 
b6400000-b6600000 r--p 00000000 08:06 2367329    /usr/lib/locale/locale-archive
b6600000-b666d000 rw-p 00000000 00:00 0 
b666d000-b6700000 ---p 00000000 00:00 0 
b6707000-b670e000 r-xp 00000000 08:06 3539850    /lib/i386-linux-gnu/libnss_compat-2.17.so
b670e000-b670f000 r--p 00006000 08:06 3539850    /lib/i386-linux-gnu/libnss_compat-2.17.so
b670f000-b6710000 rw-p 00007000 08:06 3539850    /lib/i386-linux-gnu/libnss_compat-2.17.so
b6714000-b671b000 r-xp 00000000 08:06 2633993    /usr/lib/jvm/java-6-openjdk-i386/jre/lib/i386/libzip.so
b671b000-b671c000 r--p 00006000 08:06 2633993    /usr/lib/jvm/java-6-openjdk-i386/jre/lib/i386/libzip.so
b671c000-b671d000 rw-p 00007000 08:06 2633993    /usr/lib/jvm/java-6-openjdk-i386/jre/lib/i386/libzip.so
b671d000-b6725000 rw-s 00000000 08:06 5638499    /tmp/hsperfdata_von/3273
b6725000-b6728000 r-xp 00000000 08:06 2633999    /usr/lib/jvm/java-6-openjdk-i386/jre/lib/i386/libnpt.so
b6728000-b6729000 r--p 00002000 08:06 2633999    /usr/lib/jvm/java-6-openjdk-i386/jre/lib/i386/libnpt.so
b6729000-b672a000 rw-p 00003000 08:06 2633999    /usr/lib/jvm/java-6-openjdk-i386/jre/lib/i386/libnpt.so
b672a000-b6768000 r-xp 00000000 08:06 2634013    /usr/lib/jvm/java-6-openjdk-i386/jre/lib/i386/libjdwp.so
b6768000-b6769000 r--p 0003d000 08:06 2634013    /usr/lib/jvm/java-6-openjdk-i386/jre/lib/i386/libjdwp.so
b6769000-b676a000 rw-p 0003e000 08:06 2634013    /usr/lib/jvm/java-6-openjdk-i386/jre/lib/i386/libjdwp.so
b676a000-b6790000 r-xp 00000000 08:06 2634009    /usr/lib/jvm/java-6-openjdk-i386/jre/lib/i386/libjava.so
b6790000-b6791000 r--p 00026000 08:06 2634009    /usr/lib/jvm/java-6-openjdk-i386/jre/lib/i386/libjava.so
b6791000-b6793000 rw-p 00027000 08:06 2634009    /usr/lib/jvm/java-6-openjdk-i386/jre/lib/i386/libjava.so
b6793000-b679a000 r-xp 00000000 08:06 3539901    /lib/i386-linux-gnu/librt-2.17.so
b679a000-b679b000 r--p 00006000 08:06 3539901    /lib/i386-linux-gnu/librt-2.17.so
b679b000-b679c000 rw-p 00007000 08:06 3539901    /lib/i386-linux-gnu/librt-2.17.so
b679c000-b679f000 ---p 00000000 00:00 0 
b679f000-b67ed000 rw-p 00000000 00:00 0          [stack:3274]
b67ed000-b6808000 r-xp 00000000 08:06 3539806    /lib/i386-linux-gnu/libgcc_s.so.1
b6808000-b6809000 r--p 0001a000 08:06 3539806    /lib/i386-linux-gnu/libgcc_s.so.1
b6809000-b680a000 rw-p 0001b000 08:06 3539806    /lib/i386-linux-gnu/libgcc_s.so.1
b680a000-b684b000 r-xp 00000000 08:06 3539829    /lib/i386-linux-gnu/libm-2.17.so
b684b000-b684c000 r--p 00040000 08:06 3539829    /lib/i386-linux-gnu/libm-2.17.so
b684c000-b684d000 rw-p 00041000 08:06 3539829    /lib/i386-linux-gnu/libm-2.17.so
b684d000-b6929000 r-xp 00000000 08:06 2365198    /usr/lib/i386-linux-gnu/libstdc++.so.6.0.17
b6929000-b692a000 ---p 000dc000 08:06 2365198    /usr/lib/i386-linux-gnu/libstdc++.so.6.0.17
b692a000-b692e000 r--p 000dc000 08:06 2365198    /usr/lib/i386-linux-gnu/libstdc++.so.6.0.17
b692e000-b692f000 rw-p 000e0000 08:06 2365198    /usr/lib/i386-linux-gnu/libstdc++.so.6.0.17
b692f000-b6936000 rw-p 00000000 00:00 0 
b6936000-b7151000 r-xp 00000000 08:06 2759430    /usr/lib/jvm/java-6-openjdk-i386/jre/lib/i386/server/libjvm.so
b7151000-b7152000 ---p 0081b000 08:06 2759430    /usr/lib/jvm/java-6-openjdk-i386/jre/lib/i386/server/libjvm.so
b7152000-b7197000 r--p 0081b000 08:06 2759430    /usr/lib/jvm/java-6-openjdk-i386/jre/lib/i386/server/libjvm.so
b7197000-b71a6000 rw-p 00860000 08:06 2759430    /usr/lib/jvm/java-6-openjdk-i386/jre/lib/i386/server/libjvm.so
b71a6000-b75c2000 rw-p 00000000 00:00 0 
b75c2000-b75d9000 r-xp 00000000 08:06 3539934    /lib/i386-linux-gnu/libz.so.1.2.7
b75d9000-b75da000 r--p 00016000 08:06 3539934    /lib/i386-linux-gnu/libz.so.1.2.7
b75da000-b75db000 rw-p 00017000 08:06 3539934    /lib/i386-linux-gnu/libz.so.1.2.7
b75db000-b7788000 r-xp 00000000 08:06 3539781    /lib/i386-linux-gnu/libc-2.17.so
b7788000-b778a000 r--p 001ad000 08:06 3539781    /lib/i386-linux-gnu/libc-2.17.so
b778a000-b778b000 rw-p 001af000 08:06 3539781    /lib/i386-linux-gnu/libc-2.17.so
b778b000-b778e000 rw-p 00000000 00:00 0 
b778e000-b7791000 r-xp 00000000 08:06 3539796    /lib/i386-linux-gnu/libdl-2.17.so
b7791000-b7792000 r--p 00002000 08:06 3539796    /lib/i386-linux-gnu/libdl-2.17.so
b7792000-b7793000 rw-p 00003000 08:06 3539796    /lib/i386-linux-gnu/libdl-2.17.so
b7793000-b7797000 r-xp 00000000 08:06 2760203    /usr/lib/jvm/java-6-openjdk-i386/jre/lib/i386/jli/libjli.so
b7797000-b7798000 r--p 00003000 08:06 2760203    /usr/lib/jvm/java-6-openjdk-i386/jre/lib/i386/jli/libjli.so
b7798000-b7799000 rw-p 00004000 08:06 2760203    /usr/lib/jvm/java-6-openjdk-i386/jre/lib/i386/jli/libjli.so
b7799000-b779a000 rw-p 00000000 00:00 0 
b779a000-b77b1000 r-xp 00000000 08:06 3539893    /lib/i386-linux-gnu/libpthread-2.17.so
b77b1000-b77b2000 r--p 00016000 08:06 3539893    /lib/i386-linux-gnu/libpthread-2.17.so
b77b2000-b77b3000 rw-p 00017000 08:06 3539893    /lib/i386-linux-gnu/libpthread-2.17.so
b77b3000-b77b5000 rw-p 00000000 00:00 0 
b77b8000-b77b9000 r--p 004a4000 08:06 2367329    /usr/lib/locale/locale-archive
b77b9000-b77ba000 rw-p 00000000 00:00 0 
b77ba000-b77bb000 r--p 00000000 00:00 0 
b77bb000-b77c8000 r-xp 00000000 08:06 2633998    /usr/lib/jvm/java-6-openjdk-i386/jre/lib/i386/libverify.so
b77c8000-b77c9000 r--p 0000c000 08:06 2633998    /usr/lib/jvm/java-6-openjdk-i386/jre/lib/i386/libverify.so
b77c9000-b77ca000 rw-p 0000d000 08:06 2633998    /usr/lib/jvm/java-6-openjdk-i386/jre/lib/i386/libverify.so
b77ca000-b77cc000 rw-p 00000000 00:00 0 
b77cc000-b77cd000 r-xp 00000000 00:00 0          [vdso]
b77cd000-b77ed000 r-xp 00000000 08:06 3539757    /lib/i386-linux-gnu/ld-2.17.so
b77ed000-b77ee000 r--p 0001f000 08:06 3539757    /lib/i386-linux-gnu/ld-2.17.so
b77ee000-b77ef000 rw-p 00020000 08:06 3539757    /lib/i386-linux-gnu/ld-2.17.so
bf813000-bf834000 rw-p 00000000 00:00 0          [stack]

VM Arguments:
jvm_args: -agentlib:jdwp=transport=dt_socket,suspend=y,address=localhost:35869 -Djava.library.path=/home/von/java/WhatAmIUpTo/testlibs -Dfile.encoding=UTF-8 -Xbootclasspath:/home/von/ADT/sdk/platforms/android-17/android.jar 
java_command: org.eclipse.jdt.internal.junit.runner.RemoteTestRunner -version 3 -port 40819 -testLoaderClass org.eclipse.jdt.internal.junit4.runner.JUnit4TestLoader -loaderpluginname org.eclipse.jdt.junit4.runtime -test com.whatamiupto.http.BookHttpClientTest:testContactServer
Launcher Type: SUN_STANDARD

Environment Variables:
PATH=/usr/lib/lightdm/lightdm:/usr/local/sbin:/usr/local/bin:/usr/sbin:/usr/bin:/sbin:/bin:/usr/games:/usr/local/games
LD_LIBRARY_PATH=/usr/lib/jvm/java-6-openjdk-i386/jre/lib/i386/server:/usr/lib/jvm/java-6-openjdk-i386/jre/lib/i386:/usr/lib/jvm/java-6-openjdk-i386/jre/../lib/i386:/usr/lib/jvm/java-6-openjdk-i386/jre/lib/i386/client:/usr/lib/jvm/java-6-openjdk-i386/jre/lib/i386:
SHELL=/bin/bash
DISPLAY=:0.0

Signal Handlers:
SIGSEGV: [libjvm.so+0x67a2b0], sa_mask[0]=0x7ffbfeff, sa_flags=0x10000004
SIGBUS: [libjvm.so+0x67a2b0], sa_mask[0]=0x7ffbfeff, sa_flags=0x10000004
SIGFPE: [libjvm.so+0x540c80], sa_mask[0]=0x7ffbfeff, sa_flags=0x10000004
SIGPIPE: [libjvm.so+0x540c80], sa_mask[0]=0x7ffbfeff, sa_flags=0x10000004
SIGXFSZ: [libjvm.so+0x540c80], sa_mask[0]=0x7ffbfeff, sa_flags=0x10000004
SIGILL: [libjvm.so+0x540c80], sa_mask[0]=0x7ffbfeff, sa_flags=0x10000004
SIGUSR1: SIG_DFL, sa_mask[0]=0x00000000, sa_flags=0x00000000
SIGUSR2: [libjvm.so+0x540b20], sa_mask[0]=0x00000004, sa_flags=0x10000004
SIGHUP: SIG_DFL, sa_mask[0]=0x00000000, sa_flags=0x00000000
SIGINT: SIG_DFL, sa_mask[0]=0x00000000, sa_flags=0x00000000
SIGTERM: SIG_DFL, sa_mask[0]=0x00000000, sa_flags=0x00000000
SIGQUIT: SIG_DFL, sa_mask[0]=0x00000000, sa_flags=0x00000000


---------------  S Y S T E M  ---------------

OS:Ubuntu 13.04 (raring)
uname:Linux 3.8.0-26-generic #38-Ubuntu SMP Mon Jun 17 21:46:08 UTC 2013 i686
libc:glibc 2.17 NPTL 2.17 
rlimit: STACK 8192k, CORE 0k, NPROC 30445, NOFILE 4096, AS infinity
load average:0.16 0.19 0.23

/proc/meminfo:
MemTotal:        3913464 kB
MemFree:         2188316 kB
Buffers:           60768 kB
Cached:          1022972 kB
SwapCached:            0 kB
Active:           760372 kB
Inactive:         867316 kB
Active(anon):     545748 kB
Inactive(anon):   221800 kB
Active(file):     214624 kB
Inactive(file):   645516 kB
Unevictable:          68 kB
Mlocked:              68 kB
HighTotal:       3064516 kB
HighFree:        1479300 kB
LowTotal:         848948 kB
LowFree:          709016 kB
SwapTotal:       3974140 kB
SwapFree:        3974140 kB
Dirty:               152 kB
Writeback:             0 kB
AnonPages:        544304 kB
Mapped:           161912 kB
Shmem:            223604 kB
Slab:              54164 kB
SReclaimable:      35356 kB
SUnreclaim:        18808 kB
KernelStack:        3888 kB
PageTables:         9688 kB
NFS_Unstable:          0 kB
Bounce:                0 kB
WritebackTmp:          0 kB
CommitLimit:     5930872 kB
Committed_AS:    3453888 kB
VmallocTotal:     122880 kB
VmallocUsed:       69308 kB
VmallocChunk:      48084 kB
HardwareCorrupted:     0 kB
AnonHugePages:         0 kB
HugePages_Total:       0
HugePages_Free:        0
HugePages_Rsvd:        0
HugePages_Surp:        0
Hugepagesize:       2048 kB
DirectMap4k:       10232 kB
DirectMap2M:      903168 kB


CPU:total 4 (2 cores per cpu, 2 threads per core) family 6 model 37 stepping 5, cmov, cx8, fxsr, mmx, sse, sse2, sse3, ssse3, sse4.1, sse4.2, popcnt, ht

Memory: 4k page, physical 3913464k(2188316k free), swap 3974140k(3974140k free)

vm_info: OpenJDK Server VM (20.0-b12) for linux-x86 JRE (1.6.0_27-b27), built on Jul 17 2013 13:46:06 by "buildd" with gcc 4.7.3

time: Thu Aug  1 13:26:13 2013
elapsed time: 0 seconds

